#
# There is insufficient memory for the Java Runtime Environment to continue.
# Native memory allocation (malloc) failed to allocate 1818272 bytes. Error detail: Chunk::new
# Possible reasons:
#   The system is out of physical RAM or swap space
#   This process is running with CompressedOops enabled, and the Java Heap may be blocking the growth of the native heap
# Possible solutions:
#   Reduce memory load on the system
#   Increase physical memory or swap space
#   Check if swap backing store is full
#   Decrease Java heap size (-Xmx/-Xms)
#   Decrease number of Java threads
#   Decrease Java thread stack sizes (-Xss)
#   Set larger code cache with -XX:ReservedCodeCacheSize=
#   JVM is running with Unscaled Compressed Oops mode in which the Java heap is
#     placed in the first 4GB address space. The Java Heap base address is the
#     maximum limit for the native heap growth. Please use -XX:HeapBaseMinAddress
#     to set the Java Heap base and to place the Java Heap above 4GB virtual address.
# This output file may be truncated or incomplete.
#
#  Out of Memory Error (arena.cpp:149), pid=23104, tid=4716
#
# JRE version: OpenJDK Runtime Environment Temurin-23.0.1+11 (23.0.1+11) (build 23.0.1+11)
# Java VM: OpenJDK 64-Bit Server VM Temurin-23.0.1+11 (23.0.1+11, mixed mode, sharing, tiered, compressed oops, compressed class ptrs, parallel gc, windows-amd64)
# No core dump will be written. Minidumps are not enabled by default on client versions of Windows
#

---------------  S U M M A R Y ------------

Command Line: --add-modules=ALL-SYSTEM --add-opens=java.base/java.util=ALL-UNNAMED --add-opens=java.base/java.lang=ALL-UNNAMED --add-opens=java.base/sun.nio.fs=ALL-UNNAMED -Declipse.application=org.eclipse.jdt.ls.core.id1 -Dosgi.bundles.defaultStartLevel=4 -Declipse.product=org.eclipse.jdt.ls.core.product -Djava.import.generatesMetadataFilesAtProjectRoot=false -DDetectVMInstallationsJob.disabled=true -Dfile.encoding=utf8 -XX:+UseParallelGC -XX:GCTimeRatio=4 -XX:AdaptiveSizePolicyWeight=90 -Dsun.zip.disableMemoryMapping=true -Xmx1G -Xms100m -Xlog:disable -javaagent:c:\Users\Dell\.vscode\extensions\redhat.java-1.36.0-win32-x64\lombok\lombok-1.18.35.jar -XX:+HeapDumpOnOutOfMemoryError -XX:HeapDumpPath=c:\Users\Dell\AppData\Roaming\Code\User\workspaceStorage\83df617a9ebd0541ad07338afc853aa2\redhat.java -Daether.dependencyCollector.impl=bf c:\Users\Dell\.vscode\extensions\redhat.java-1.36.0-win32-x64\server\plugins\org.eclipse.equinox.launcher_1.6.900.v20240613-2009.jar -configuration c:\Users\Dell\AppData\Roaming\Code\User\globalStorage\redhat.java\1.36.0\config_win -data c:\Users\Dell\AppData\Roaming\Code\User\workspaceStorage\83df617a9ebd0541ad07338afc853aa2\redhat.java\jdt_ws --pipe=\\.\pipe\lsp-53c06397f1d34a64c40d9c51bd28f228-sock

Host: 11th Gen Intel(R) Core(TM) i5-1135G7 @ 2.40GHz, 8 cores, 7G,  Windows 11 , 64 bit Build 22621 (10.0.22621.4391)
Time: Mon Nov 25 21:04:34 2024 Afr. centrale Ouest elapsed time: 90.551490 seconds (0d 0h 1m 30s)

---------------  T H R E A D  ---------------

Current thread (0x00000252fc7d5170):  JavaThread "C2 CompilerThread1" daemon [_thread_in_native, id=4716, stack(0x000000d887300000,0x000000d887400000) (1024K)]


Current CompileTask:
C2:90551 14095 %     4       org.lombokweb.asm.ClassReader::readCode @ 92 (5117 bytes)

Stack: [0x000000d887300000,0x000000d887400000]
Native frames: (J=compiled Java code, j=interpreted, Vv=VM code, C=native code)
V  [jvm.dll+0x6e8c79]  (no source info available)
V  [jvm.dll+0x8d9253]  (no source info available)
V  [jvm.dll+0x8db6de]  (no source info available)
V  [jvm.dll+0x8dbdb3]  (no source info available)
V  [jvm.dll+0x281aa6]  (no source info available)
V  [jvm.dll+0xbbb0f]  (no source info available)
V  [jvm.dll+0xbbd6b]  (no source info available)
V  [jvm.dll+0x3b9ecc]  (no source info available)
V  [jvm.dll+0x1e1bfc]  (no source info available)
V  [jvm.dll+0x24ae25]  (no source info available)
V  [jvm.dll+0x24a03f]  (no source info available)
V  [jvm.dll+0x1c8ea0]  (no source info available)
V  [jvm.dll+0x25a13e]  (no source info available)
V  [jvm.dll+0x25840a]  (no source info available)
V  [jvm.dll+0x3f4706]  (no source info available)
V  [jvm.dll+0x8802ab]  (no source info available)
V  [jvm.dll+0x6e7485]  (no source info available)
C  [ucrtbase.dll+0x29333]  (no source info available)
C  [KERNEL32.DLL+0x1259d]  (no source info available)
C  [ntdll.dll+0x5af38]  (no source info available)

Lock stack of current Java thread (top to bottom):


---------------  P R O C E S S  ---------------

Threads class SMR info:
_java_thread_list=0x00000252fb385e10, length=55, elements={
0x00000252974e52d0, 0x00000252f11bb2a0, 0x00000252f11be920, 0x00000252f11c0e10,
0x00000252f11c1b30, 0x00000252f11c2850, 0x00000252f11c42c0, 0x00000252f11c9110,
0x00000252f11fb8b0, 0x0000025297552fe0, 0x00000252f2e10b70, 0x00000252f7a7ae60,
0x00000252f78e0910, 0x00000252f78e0fa0, 0x00000252f7c22a50, 0x00000252f7c1e8b0,
0x00000252f7c1f5d0, 0x00000252f7c25840, 0x00000252f7c1fc60, 0x00000252f7c21d30,
0x00000252f7c216a0, 0x00000252f7c23e00, 0x00000252f7c223c0, 0x00000252f7c25ed0,
0x00000252f7c1ef40, 0x00000252f99e3e50, 0x00000252f99e16f0, 0x00000252f99e3130,
0x00000252f99e2410, 0x00000252f99def90, 0x00000252f99e09d0, 0x00000252f99e37c0,
0x00000252f99df620, 0x00000252f99dfcb0, 0x00000252f96f0300, 0x00000252f96ee230,
0x00000252f96eef50, 0x00000252f96f16b0, 0x00000252f9554630, 0x00000252f9552bf0,
0x00000252f95587d0, 0x00000252f9555350, 0x00000252f9554cc0, 0x00000252f95559e0,
0x00000252f9558140, 0x00000252f9558e60, 0x00000252f9552560, 0x00000252f9556700,
0x00000252f9551ed0, 0x00000252f95594f0, 0x00000252f78e0280, 0x00000252fb23a180,
0x00000252f7c24490, 0x00000252f96ec7f0, 0x00000252fc7d5170
}

Java Threads: ( => current thread )
  0x00000252974e52d0 JavaThread "main"                              [_thread_blocked, id=23544, stack(0x000000d887600000,0x000000d887700000) (1024K)]
  0x00000252f11bb2a0 JavaThread "Reference Handler"          daemon [_thread_blocked, id=21932, stack(0x000000d887a00000,0x000000d887b00000) (1024K)]
  0x00000252f11be920 JavaThread "Finalizer"                  daemon [_thread_blocked, id=22492, stack(0x000000d887b00000,0x000000d887c00000) (1024K)]
  0x00000252f11c0e10 JavaThread "Signal Dispatcher"          daemon [_thread_blocked, id=16800, stack(0x000000d887c00000,0x000000d887d00000) (1024K)]
  0x00000252f11c1b30 JavaThread "Attach Listener"            daemon [_thread_blocked, id=6220, stack(0x000000d887d00000,0x000000d887e00000) (1024K)]
  0x00000252f11c2850 JavaThread "Service Thread"             daemon [_thread_blocked, id=17476, stack(0x000000d887e00000,0x000000d887f00000) (1024K)]
  0x00000252f11c42c0 JavaThread "Monitor Deflation Thread"   daemon [_thread_blocked, id=22944, stack(0x000000d887f00000,0x000000d888000000) (1024K)]
  0x00000252f11c9110 JavaThread "C2 CompilerThread0"         daemon [_thread_in_native, id=11864, stack(0x000000d888000000,0x000000d888100000) (1024K)]
  0x00000252f11fb8b0 JavaThread "C1 CompilerThread0"         daemon [_thread_blocked, id=19268, stack(0x000000d888100000,0x000000d888200000) (1024K)]
  0x0000025297552fe0 JavaThread "Common-Cleaner"             daemon [_thread_blocked, id=1348, stack(0x000000d888200000,0x000000d888300000) (1024K)]
  0x00000252f2e10b70 JavaThread "Notification Thread"        daemon [_thread_blocked, id=19768, stack(0x000000d888300000,0x000000d888400000) (1024K)]
  0x00000252f7a7ae60 JavaThread "Bundle File Closer"         daemon [_thread_blocked, id=20524, stack(0x000000d889100000,0x000000d889200000) (1024K)]
  0x00000252f78e0910 JavaThread "Active Thread: Equinox Container: b02d6c0b-b1c9-4d1d-b4c3-eba3ed4c75f8"        [_thread_blocked, id=21984, stack(0x000000d889200000,0x000000d889300000) (1024K)]
  0x00000252f78e0fa0 JavaThread "Refresh Thread: Equinox Container: b02d6c0b-b1c9-4d1d-b4c3-eba3ed4c75f8" daemon [_thread_blocked, id=13592, stack(0x000000d889300000,0x000000d889400000) (1024K)]
  0x00000252f7c22a50 JavaThread "Framework Event Dispatcher: Equinox Container: b02d6c0b-b1c9-4d1d-b4c3-eba3ed4c75f8" daemon [_thread_blocked, id=21716, stack(0x000000d889600000,0x000000d889700000) (1024K)]
  0x00000252f7c1e8b0 JavaThread "Start Level: Equinox Container: b02d6c0b-b1c9-4d1d-b4c3-eba3ed4c75f8" daemon [_thread_blocked, id=6244, stack(0x000000d889700000,0x000000d889800000) (1024K)]
  0x00000252f7c1f5d0 JavaThread "SCR Component Actor"        daemon [_thread_blocked, id=21356, stack(0x000000d889800000,0x000000d889900000) (1024K)]
  0x00000252f7c25840 JavaThread "Worker-JM"                         [_thread_blocked, id=22568, stack(0x000000d889a00000,0x000000d889b00000) (1024K)]
  0x00000252f7c1fc60 JavaThread "JNA Cleaner"                daemon [_thread_blocked, id=14096, stack(0x000000d889b00000,0x000000d889c00000) (1024K)]
  0x00000252f7c21d30 JavaThread "Java indexing"              daemon [_thread_blocked, id=7448, stack(0x000000d889f00000,0x000000d88a000000) (1024K)]
  0x00000252f7c216a0 JavaThread "Thread-2"                   daemon [_thread_in_native, id=15808, stack(0x000000d88a100000,0x000000d88a200000) (1024K)]
  0x00000252f7c23e00 JavaThread "Thread-3"                   daemon [_thread_in_native, id=21524, stack(0x000000d88a200000,0x000000d88a300000) (1024K)]
  0x00000252f7c223c0 JavaThread "Thread-4"                   daemon [_thread_in_native, id=19192, stack(0x000000d88a300000,0x000000d88a400000) (1024K)]
  0x00000252f7c25ed0 JavaThread "Thread-5"                   daemon [_thread_in_native, id=7276, stack(0x000000d88a400000,0x000000d88a500000) (1024K)]
  0x00000252f7c1ef40 JavaThread "Thread-6"                   daemon [_thread_in_native, id=6888, stack(0x000000d88a500000,0x000000d88a600000) (1024K)]
  0x00000252f99e3e50 JavaThread "Thread-7"                   daemon [_thread_in_native, id=22696, stack(0x000000d88a600000,0x000000d88a700000) (1024K)]
  0x00000252f99e16f0 JavaThread "Thread-8"                   daemon [_thread_in_native, id=17336, stack(0x000000d88a700000,0x000000d88a800000) (1024K)]
  0x00000252f99e3130 JavaThread "Thread-9"                   daemon [_thread_in_native, id=20660, stack(0x000000d88a800000,0x000000d88a900000) (1024K)]
  0x00000252f99e2410 JavaThread "Thread-10"                  daemon [_thread_in_native, id=7596, stack(0x000000d88a900000,0x000000d88aa00000) (1024K)]
  0x00000252f99def90 JavaThread "pool-2-thread-1"                   [_thread_blocked, id=12256, stack(0x000000d88aa00000,0x000000d88ab00000) (1024K)]
  0x00000252f99e09d0 JavaThread "Worker-4"                          [_thread_blocked, id=21252, stack(0x000000d88ab00000,0x000000d88ac00000) (1024K)]
  0x00000252f99e37c0 JavaThread "WorkspaceEventsHandler"            [_thread_blocked, id=7952, stack(0x000000d88ad00000,0x000000d88ae00000) (1024K)]
  0x00000252f99df620 JavaThread "pool-1-thread-1"                   [_thread_blocked, id=12516, stack(0x000000d88ae00000,0x000000d88af00000) (1024K)]
  0x00000252f99dfcb0 JavaThread "Worker-6"                          [_thread_blocked, id=22168, stack(0x000000d88af00000,0x000000d88b000000) (1024K)]
  0x00000252f96f0300 JavaThread "Compiler Source File Reader" daemon [_thread_blocked, id=21868, stack(0x000000d88b200000,0x000000d88b300000) (1024K)]
  0x00000252f96ee230 JavaThread "Compiler Source File Reader" daemon [_thread_blocked, id=21200, stack(0x000000d88b300000,0x000000d88b400000) (1024K)]
  0x00000252f96eef50 JavaThread "Compiler Class File Writer" daemon [_thread_blocked, id=17156, stack(0x000000d88b500000,0x000000d88b600000) (1024K)]
  0x00000252f96f16b0 JavaThread "Compiler Class File Writer" daemon [_thread_blocked, id=20408, stack(0x000000d88b600000,0x000000d88b700000) (1024K)]
  0x00000252f9554630 JavaThread "Compiler Source File Reader" daemon [_thread_blocked, id=18044, stack(0x000000d88ba00000,0x000000d88bb00000) (1024K)]
  0x00000252f9552bf0 JavaThread "Compiler Source File Reader" daemon [_thread_blocked, id=14084, stack(0x000000d88bb00000,0x000000d88bc00000) (1024K)]
  0x00000252f95587d0 JavaThread "Compiler Source File Reader" daemon [_thread_blocked, id=23536, stack(0x000000d88bc00000,0x000000d88bd00000) (1024K)]
  0x00000252f9555350 JavaThread "Compiler Class File Writer" daemon [_thread_blocked, id=23012, stack(0x000000d88bd00000,0x000000d88be00000) (1024K)]
  0x00000252f9554cc0 JavaThread "Compiler Class File Writer" daemon [_thread_blocked, id=12124, stack(0x000000d88be00000,0x000000d88bf00000) (1024K)]
  0x00000252f95559e0 JavaThread "Compiler Class File Writer" daemon [_thread_blocked, id=12572, stack(0x000000d88bf00000,0x000000d88c000000) (1024K)]
  0x00000252f9558140 JavaThread "ForkJoinPool.commonPool-worker-1" daemon [_thread_blocked, id=10192, stack(0x000000d888a00000,0x000000d888b00000) (1024K)]
  0x00000252f9558e60 JavaThread "ForkJoinPool.commonPool-worker-2" daemon [_thread_blocked, id=23092, stack(0x000000d888b00000,0x000000d888c00000) (1024K)]
  0x00000252f9552560 JavaThread "ForkJoinPool.commonPool-worker-3" daemon [_thread_blocked, id=2376, stack(0x000000d888c00000,0x000000d888d00000) (1024K)]
  0x00000252f9556700 JavaThread "ForkJoinPool.commonPool-worker-4" daemon [_thread_blocked, id=18184, stack(0x000000d888d00000,0x000000d888e00000) (1024K)]
  0x00000252f9551ed0 JavaThread "ForkJoinPool.commonPool-worker-5" daemon [_thread_blocked, id=5356, stack(0x000000d888e00000,0x000000d888f00000) (1024K)]
  0x00000252f95594f0 JavaThread "ForkJoinPool.commonPool-worker-6" daemon [_thread_blocked, id=21020, stack(0x000000d888f00000,0x000000d889000000) (1024K)]
  0x00000252f78e0280 JavaThread "ForkJoinPool.commonPool-worker-7" daemon [_thread_blocked, id=10052, stack(0x000000d889400000,0x000000d889500000) (1024K)]
  0x00000252fb23a180 JavaThread "Cleaner-0"                  daemon [_thread_blocked, id=3156, stack(0x000000d88c200000,0x000000d88c300000) (1024K)]
  0x00000252f7c24490 JavaThread "pool-1-thread-2"                   [_thread_blocked, id=8880, stack(0x000000d887400000,0x000000d887500000) (1024K)]
  0x00000252f96ec7f0 JavaThread "Worker-7"                          [_thread_blocked, id=16852, stack(0x000000d887500000,0x000000d887600000) (1024K)]
=>0x00000252fc7d5170 JavaThread "C2 CompilerThread1"         daemon [_thread_in_native, id=4716, stack(0x000000d887300000,0x000000d887400000) (1024K)]
Total: 55

Other Threads:
  0x000002529759d150 VMThread "VM Thread"                           [id=7784, stack(0x000000d887900000,0x000000d887a00000) (1024K)]
  0x000002529754f400 WatcherThread "VM Periodic Task Thread"        [id=1404, stack(0x000000d887800000,0x000000d887900000) (1024K)]
  0x0000025297502e50 WorkerThread "GC Thread#0"                     [id=11588, stack(0x000000d887700000,0x000000d887800000) (1024K)]
  0x00000252f2d0a360 WorkerThread "GC Thread#1"                     [id=7664, stack(0x000000d888400000,0x000000d888500000) (1024K)]
  0x00000252f2d0a710 WorkerThread "GC Thread#2"                     [id=3712, stack(0x000000d888500000,0x000000d888600000) (1024K)]
  0x00000252f2d0b980 WorkerThread "GC Thread#3"                     [id=2144, stack(0x000000d888600000,0x000000d888700000) (1024K)]
  0x00000252f2d0ae70 WorkerThread "GC Thread#4"                     [id=22040, stack(0x000000d888700000,0x000000d888800000) (1024K)]
  0x00000252f2d09fb0 WorkerThread "GC Thread#5"                     [id=21728, stack(0x000000d888800000,0x000000d888900000) (1024K)]
  0x00000252f2d0b5d0 WorkerThread "GC Thread#6"                     [id=21880, stack(0x000000d888900000,0x000000d888a00000) (1024K)]
  0x00000252f74d3c30 WorkerThread "GC Thread#7"                     [id=7120, stack(0x000000d889000000,0x000000d889100000) (1024K)]
Total: 10

Threads with active compile tasks:
C2 CompilerThread0  90644 14159   !   4       org.eclipse.jdt.internal.compiler.parser.Scanner::jumpOverMethodBody (2553 bytes)
C2 CompilerThread1  90644 14095 %     4       org.lombokweb.asm.ClassReader::readCode @ 92 (5117 bytes)
Total: 2

VM state: not at safepoint (normal execution)

VM Mutex/Monitor currently owned by a thread: None

Heap address: 0x00000000c0000000, size: 1024 MB, Compressed Oops mode: 32-bit

CDS archive(s) mapped at: [0x00000252b0000000-0x00000252b0d70000-0x00000252b0d70000), size 14090240, SharedBaseAddress: 0x00000252b0000000, ArchiveRelocationMode: 1.
Compressed class space mapped at: 0x00000252b1000000-0x00000252f1000000, reserved size: 1073741824
Narrow klass base: 0x00000252b0000000, Narrow klass shift: 0, Narrow klass range: 0x41000000

GC Precious Log:
 CardTable entry size: 512
 CPUs: 8 total, 8 available
 Memory: 7930M
 Large Page Support: Disabled
 NUMA Support: Disabled
 Compressed Oops: Enabled (32-bit)
 Alignments: Space 512K, Generation 512K, Heap 2M
 Heap Min Capacity: 100M
 Heap Initial Capacity: 100M
 Heap Max Capacity: 1G
 Pre-touch: Disabled
 Parallel Workers: 8

Heap:
 PSYoungGen      total 31744K, used 22365K [0x00000000eab00000, 0x00000000ecc00000, 0x0000000100000000)
  eden space 29696K, 71% used [0x00000000eab00000,0x00000000ebfcb720,0x00000000ec800000)
  from space 2048K, 52% used [0x00000000eca00000,0x00000000ecb0c050,0x00000000ecc00000)
  to   space 2048K, 0% used [0x00000000ec800000,0x00000000ec800000,0x00000000eca00000)
 ParOldGen       total 453120K, used 453110K [0x00000000c0000000, 0x00000000dba80000, 0x00000000eab00000)
  object space 453120K, 99% used [0x00000000c0000000,0x00000000dba7da70,0x00000000dba80000)
 Metaspace       used 74727K, committed 76160K, reserved 1179648K
  class space    used 8068K, committed 8640K, reserved 1048576K

Card table byte_map: [0x0000025297030000,0x0000025297230000] _byte_map_base: 0x0000025296a30000

Marking Bits: (ParMarkBitMap*) 0x00007ff8852a0bc0
 Begin Bits: [0x00000252aee60000, 0x00000252afe60000)

Polling page: 0x0000025296ca0000

Metaspace:

Usage:
  Non-class:     65.10 MB used.
      Class:      7.88 MB used.
       Both:     72.98 MB used.

Virtual space:
  Non-class space:      128.00 MB reserved,      65.94 MB ( 52%) committed,  2 nodes.
      Class space:        1.00 GB reserved,       8.44 MB ( <1%) committed,  1 nodes.
             Both:        1.12 GB reserved,      74.38 MB (  6%) committed. 

Chunk freelists:
   Non-Class:  13.67 MB
       Class:  7.58 MB
        Both:  21.25 MB

MaxMetaspaceSize: unlimited
CompressedClassSpaceSize: 1.00 GB
Initial GC threshold: 21.00 MB
Current GC threshold: 97.31 MB
CDS: on
 - commit_granule_bytes: 65536.
 - commit_granule_words: 8192.
 - virtual_space_node_default_size: 8388608.
 - enlarge_chunks_in_place: 1.
 - use_allocation_guard: 0.


Internal statistics:

num_allocs_failed_limit: 9.
num_arena_births: 1136.
num_arena_deaths: 26.
num_vsnodes_births: 3.
num_vsnodes_deaths: 0.
num_space_committed: 1190.
num_space_uncommitted: 0.
num_chunks_returned_to_freelist: 37.
num_chunks_taken_from_freelist: 4537.
num_chunk_merges: 13.
num_chunk_splits: 2720.
num_chunks_enlarged: 1480.
num_inconsistent_stats: 0.

CodeHeap 'non-profiled nmethods': size=120064Kb used=6611Kb max_used=6611Kb free=113452Kb
 bounds [0x00000252a7920000, 0x00000252a7fa0000, 0x00000252aee60000]
CodeHeap 'profiled nmethods': size=120000Kb used=22802Kb max_used=22802Kb free=97198Kb
 bounds [0x000002529fe60000, 0x00000252a14b0000, 0x00000252a7390000]
CodeHeap 'non-nmethods': size=5696Kb used=1515Kb max_used=1588Kb free=4180Kb
 bounds [0x00000252a7390000, 0x00000252a7600000, 0x00000252a7920000]
CodeCache: size=245760Kb, used=30928Kb, max_used=31001Kb, free=214830Kb
 total_blobs=14151, nmethods=13320, adapters=734, full_count=0
Compilation: enabled, stopped_count=0, restarted_count=0

Compilation events (20 events):
Event: 90.467 Thread 0x00000252f11fb8b0 14162       3       org.eclipse.jdt.internal.compiler.lookup.SignatureWrapper::peekFullType (53 bytes)
Event: 90.467 Thread 0x00000252f11fb8b0 nmethod 14162 0x00000252a1498908 code [0x00000252a1498a40, 0x00000252a1498c60]
Event: 90.468 Thread 0x00000252f11fb8b0 14165       3       org.eclipse.jdt.internal.compiler.ast.MessageSend::analyseCode (992 bytes)
Event: 90.472 Thread 0x00000252f11fb8b0 nmethod 14165 0x00000252a1498c88 code [0x00000252a1499300, 0x00000252a149d2f0]
Event: 90.472 Thread 0x00000252f11fb8b0 14172 %     3       org.eclipse.jdt.internal.compiler.ClassFile::utf8At @ 17 (156 bytes)
Event: 90.473 Thread 0x00000252f11fb8b0 nmethod 14172% 0x00000252a149d408 code [0x00000252a149d560, 0x00000252a149dbc0]
Event: 90.473 Thread 0x00000252f11fb8b0 14166       3       org.eclipse.jdt.internal.compiler.ast.MessageSend::yieldQualifiedCheck (47 bytes)
Event: 90.473 Thread 0x00000252f11fb8b0 nmethod 14166 0x00000252a149dc08 code [0x00000252a149dda0, 0x00000252a149e400]
Event: 90.473 Thread 0x00000252f11fb8b0 14167       3       org.eclipse.jdt.internal.compiler.ast.MessageSend::receiverIsImplicitThis (8 bytes)
Event: 90.473 Thread 0x00000252f11fb8b0 nmethod 14167 0x00000252a149e488 code [0x00000252a149e5a0, 0x00000252a149e778]
Event: 90.474 Thread 0x00000252f11fb8b0 14168       3       org.eclipse.jdt.internal.compiler.impl.CompilerOptions::isAnyEnabled (37 bytes)
Event: 90.474 Thread 0x00000252f11fb8b0 nmethod 14168 0x00000252a149e808 code [0x00000252a149e960, 0x00000252a149ec40]
Event: 90.474 Thread 0x00000252f11fb8b0 14169       3       org.eclipse.jdt.internal.compiler.ast.MessageSend::manageSyntheticAccessIfNecessary (250 bytes)
Event: 90.476 Thread 0x00000252f11fb8b0 nmethod 14169 0x00000252a149ec88 code [0x00000252a149f040, 0x00000252a14a16b8]
Event: 90.476 Thread 0x00000252f11fb8b0 14171       3       org.eclipse.jdt.internal.compiler.ast.MessageSend::generateCode (481 bytes)
Event: 90.478 Thread 0x00000252f11fb8b0 nmethod 14171 0x00000252a14a1788 code [0x00000252a14a1ba0, 0x00000252a14a46e8]
Event: 90.498 Thread 0x00000252f11c9110 nmethod 14138 0x00000252a7f8fc88 code [0x00000252a7f90020, 0x00000252a7f92480]
Event: 90.498 Thread 0x00000252f11c9110 14163       4       java.lang.String::split (242 bytes)
Event: 90.543 Thread 0x00000252f11c9110 nmethod 14163 0x00000252a7f92708 code [0x00000252a7f92960, 0x00000252a7f94c68]
Event: 90.543 Thread 0x00000252f11c9110 14159   !   4       org.eclipse.jdt.internal.compiler.parser.Scanner::jumpOverMethodBody (2553 bytes)

GC Heap History (20 events):
Event: 29.953 GC heap before
{Heap before GC invocations=98 (full 3):
 PSYoungGen      total 24064K, used 23888K [0x00000000eab00000, 0x00000000ecf80000, 0x0000000100000000)
  eden space 18432K, 100% used [0x00000000eab00000,0x00000000ebd00000,0x00000000ebd00000)
  from space 5632K, 96% used [0x00000000eca00000,0x00000000ecf540c8,0x00000000ecf80000)
  to   space 8192K, 0% used [0x00000000ebf80000,0x00000000ebf80000,0x00000000ec780000)
 ParOldGen       total 443904K, used 443617K [0x00000000c0000000, 0x00000000db180000, 0x00000000eab00000)
  object space 443904K, 99% used [0x00000000c0000000,0x00000000db1384b0,0x00000000db180000)
 Metaspace       used 69739K, committed 71104K, reserved 1114112K
  class space    used 7590K, committed 8128K, reserved 1048576K
}
Event: 29.959 GC heap after
{Heap after GC invocations=98 (full 3):
 PSYoungGen      total 29184K, used 576K [0x00000000eab00000, 0x00000000ecc00000, 0x0000000100000000)
  eden space 20992K, 0% used [0x00000000eab00000,0x00000000eab00000,0x00000000ebf80000)
  from space 8192K, 7% used [0x00000000ebf80000,0x00000000ec010000,0x00000000ec780000)
  to   space 3072K, 0% used [0x00000000ec900000,0x00000000ec900000,0x00000000ecc00000)
 ParOldGen       total 444928K, used 444849K [0x00000000c0000000, 0x00000000db280000, 0x00000000eab00000)
  object space 444928K, 99% used [0x00000000c0000000,0x00000000db26c4c8,0x00000000db280000)
 Metaspace       used 69739K, committed 71104K, reserved 1114112K
  class space    used 7590K, committed 8128K, reserved 1048576K
}
Event: 36.290 GC heap before
{Heap before GC invocations=99 (full 3):
 PSYoungGen      total 29184K, used 21568K [0x00000000eab00000, 0x00000000ecc00000, 0x0000000100000000)
  eden space 20992K, 100% used [0x00000000eab00000,0x00000000ebf80000,0x00000000ebf80000)
  from space 8192K, 7% used [0x00000000ebf80000,0x00000000ec010000,0x00000000ec780000)
  to   space 3072K, 0% used [0x00000000ec900000,0x00000000ec900000,0x00000000ecc00000)
 ParOldGen       total 444928K, used 444849K [0x00000000c0000000, 0x00000000db280000, 0x00000000eab00000)
  object space 444928K, 99% used [0x00000000c0000000,0x00000000db26c4c8,0x00000000db280000)
 Metaspace       used 70129K, committed 71552K, reserved 1114112K
  class space    used 7598K, committed 8192K, reserved 1048576K
}
Event: 36.295 GC heap after
{Heap after GC invocations=99 (full 3):
 PSYoungGen      total 29696K, used 2800K [0x00000000eab00000, 0x00000000ecc00000, 0x0000000100000000)
  eden space 26624K, 0% used [0x00000000eab00000,0x00000000eab00000,0x00000000ec500000)
  from space 3072K, 91% used [0x00000000ec900000,0x00000000ecbbc0b0,0x00000000ecc00000)
  to   space 3584K, 0% used [0x00000000ec500000,0x00000000ec500000,0x00000000ec880000)
 ParOldGen       total 444928K, used 444905K [0x00000000c0000000, 0x00000000db280000, 0x00000000eab00000)
  object space 444928K, 99% used [0x00000000c0000000,0x00000000db27a4c8,0x00000000db280000)
 Metaspace       used 70129K, committed 71552K, reserved 1114112K
  class space    used 7598K, committed 8192K, reserved 1048576K
}
Event: 40.798 GC heap before
{Heap before GC invocations=100 (full 3):
 PSYoungGen      total 29696K, used 29424K [0x00000000eab00000, 0x00000000ecc00000, 0x0000000100000000)
  eden space 26624K, 100% used [0x00000000eab00000,0x00000000ec500000,0x00000000ec500000)
  from space 3072K, 91% used [0x00000000ec900000,0x00000000ecbbc0b0,0x00000000ecc00000)
  to   space 3584K, 0% used [0x00000000ec500000,0x00000000ec500000,0x00000000ec880000)
 ParOldGen       total 444928K, used 444905K [0x00000000c0000000, 0x00000000db280000, 0x00000000eab00000)
  object space 444928K, 99% used [0x00000000c0000000,0x00000000db27a4c8,0x00000000db280000)
 Metaspace       used 70736K, committed 72128K, reserved 1114112K
  class space    used 7655K, committed 8256K, reserved 1048576K
}
Event: 40.802 GC heap after
{Heap after GC invocations=100 (full 3):
 PSYoungGen      total 30208K, used 480K [0x00000000eab00000, 0x00000000ecc00000, 0x0000000100000000)
  eden space 26624K, 0% used [0x00000000eab00000,0x00000000eab00000,0x00000000ec500000)
  from space 3584K, 13% used [0x00000000ec500000,0x00000000ec578000,0x00000000ec880000)
  to   space 1536K, 0% used [0x00000000eca80000,0x00000000eca80000,0x00000000ecc00000)
 ParOldGen       total 445440K, used 445285K [0x00000000c0000000, 0x00000000db300000, 0x00000000eab00000)
  object space 445440K, 99% used [0x00000000c0000000,0x00000000db2d97c0,0x00000000db300000)
 Metaspace       used 70736K, committed 72128K, reserved 1114112K
  class space    used 7655K, committed 8256K, reserved 1048576K
}
Event: 43.183 GC heap before
{Heap before GC invocations=101 (full 3):
 PSYoungGen      total 30208K, used 27104K [0x00000000eab00000, 0x00000000ecc00000, 0x0000000100000000)
  eden space 26624K, 100% used [0x00000000eab00000,0x00000000ec500000,0x00000000ec500000)
  from space 3584K, 13% used [0x00000000ec500000,0x00000000ec578000,0x00000000ec880000)
  to   space 1536K, 0% used [0x00000000eca80000,0x00000000eca80000,0x00000000ecc00000)
 ParOldGen       total 445440K, used 445285K [0x00000000c0000000, 0x00000000db300000, 0x00000000eab00000)
  object space 445440K, 99% used [0x00000000c0000000,0x00000000db2d97c0,0x00000000db300000)
 Metaspace       used 70836K, committed 72192K, reserved 1114112K
  class space    used 7655K, committed 8256K, reserved 1048576K
}
Event: 43.187 GC heap after
{Heap after GC invocations=101 (full 3):
 PSYoungGen      total 30208K, used 1520K [0x00000000eab00000, 0x00000000ecc00000, 0x0000000100000000)
  eden space 28672K, 0% used [0x00000000eab00000,0x00000000eab00000,0x00000000ec700000)
  from space 1536K, 98% used [0x00000000eca80000,0x00000000ecbfc0b0,0x00000000ecc00000)
  to   space 2560K, 0% used [0x00000000ec700000,0x00000000ec700000,0x00000000ec980000)
 ParOldGen       total 446464K, used 445965K [0x00000000c0000000, 0x00000000db400000, 0x00000000eab00000)
  object space 446464K, 99% used [0x00000000c0000000,0x00000000db3837c0,0x00000000db400000)
 Metaspace       used 70836K, committed 72192K, reserved 1114112K
  class space    used 7655K, committed 8256K, reserved 1048576K
}
Event: 56.411 GC heap before
{Heap before GC invocations=102 (full 3):
 PSYoungGen      total 30208K, used 30192K [0x00000000eab00000, 0x00000000ecc00000, 0x0000000100000000)
  eden space 28672K, 100% used [0x00000000eab00000,0x00000000ec700000,0x00000000ec700000)
  from space 1536K, 98% used [0x00000000eca80000,0x00000000ecbfc0b0,0x00000000ecc00000)
  to   space 2560K, 0% used [0x00000000ec700000,0x00000000ec700000,0x00000000ec980000)
 ParOldGen       total 446464K, used 445965K [0x00000000c0000000, 0x00000000db400000, 0x00000000eab00000)
  object space 446464K, 99% used [0x00000000c0000000,0x00000000db3837c0,0x00000000db400000)
 Metaspace       used 70998K, committed 72448K, reserved 1114112K
  class space    used 7656K, committed 8256K, reserved 1048576K
}
Event: 56.412 GC heap after
{Heap after GC invocations=102 (full 3):
 PSYoungGen      total 31232K, used 448K [0x00000000eab00000, 0x00000000ecc00000, 0x0000000100000000)
  eden space 28672K, 0% used [0x00000000eab00000,0x00000000eab00000,0x00000000ec700000)
  from space 2560K, 17% used [0x00000000ec700000,0x00000000ec770000,0x00000000ec980000)
  to   space 1536K, 0% used [0x00000000eca80000,0x00000000eca80000,0x00000000ecc00000)
 ParOldGen       total 446464K, used 446021K [0x00000000c0000000, 0x00000000db400000, 0x00000000eab00000)
  object space 446464K, 99% used [0x00000000c0000000,0x00000000db3917c0,0x00000000db400000)
 Metaspace       used 70998K, committed 72448K, reserved 1114112K
  class space    used 7656K, committed 8256K, reserved 1048576K
}
Event: 85.526 GC heap before
{Heap before GC invocations=103 (full 3):
 PSYoungGen      total 31232K, used 29120K [0x00000000eab00000, 0x00000000ecc00000, 0x0000000100000000)
  eden space 28672K, 100% used [0x00000000eab00000,0x00000000ec700000,0x00000000ec700000)
  from space 2560K, 17% used [0x00000000ec700000,0x00000000ec770000,0x00000000ec980000)
  to   space 1536K, 0% used [0x00000000eca80000,0x00000000eca80000,0x00000000ecc00000)
 ParOldGen       total 446464K, used 446021K [0x00000000c0000000, 0x00000000db400000, 0x00000000eab00000)
  object space 446464K, 99% used [0x00000000c0000000,0x00000000db3917c0,0x00000000db400000)
 Metaspace       used 71821K, committed 73216K, reserved 1114112K
  class space    used 7778K, committed 8384K, reserved 1048576K
}
Event: 85.532 GC heap after
{Heap after GC invocations=103 (full 3):
 PSYoungGen      total 29184K, used 1519K [0x00000000eab00000, 0x00000000ecf80000, 0x0000000100000000)
  eden space 27648K, 0% used [0x00000000eab00000,0x00000000eab00000,0x00000000ec600000)
  from space 1536K, 98% used [0x00000000eca80000,0x00000000ecbfbcf8,0x00000000ecc00000)
  to   space 4608K, 0% used [0x00000000ec600000,0x00000000ec600000,0x00000000eca80000)
 ParOldGen       total 448512K, used 448261K [0x00000000c0000000, 0x00000000db600000, 0x00000000eab00000)
  object space 448512K, 99% used [0x00000000c0000000,0x00000000db5c17c0,0x00000000db600000)
 Metaspace       used 71821K, committed 73216K, reserved 1114112K
  class space    used 7778K, committed 8384K, reserved 1048576K
}
Event: 86.210 GC heap before
{Heap before GC invocations=104 (full 3):
 PSYoungGen      total 29184K, used 29167K [0x00000000eab00000, 0x00000000ecf80000, 0x0000000100000000)
  eden space 27648K, 100% used [0x00000000eab00000,0x00000000ec600000,0x00000000ec600000)
  from space 1536K, 98% used [0x00000000eca80000,0x00000000ecbfbcf8,0x00000000ecc00000)
  to   space 4608K, 0% used [0x00000000ec600000,0x00000000ec600000,0x00000000eca80000)
 ParOldGen       total 448512K, used 448261K [0x00000000c0000000, 0x00000000db600000, 0x00000000eab00000)
  object space 448512K, 99% used [0x00000000c0000000,0x00000000db5c17c0,0x00000000db600000)
 Metaspace       used 72973K, committed 74304K, reserved 1179648K
  class space    used 7943K, committed 8512K, reserved 1048576K
}
Event: 86.216 GC heap after
{Heap after GC invocations=104 (full 3):
 PSYoungGen      total 31744K, used 4576K [0x00000000eab00000, 0x00000000ed280000, 0x0000000100000000)
  eden space 27136K, 0% used [0x00000000eab00000,0x00000000eab00000,0x00000000ec580000)
  from space 4608K, 99% used [0x00000000ec600000,0x00000000eca780e0,0x00000000eca80000)
  to   space 6656K, 0% used [0x00000000ecc00000,0x00000000ecc00000,0x00000000ed280000)
 ParOldGen       total 449536K, used 449517K [0x00000000c0000000, 0x00000000db700000, 0x00000000eab00000)
  object space 449536K, 99% used [0x00000000c0000000,0x00000000db6fb5a0,0x00000000db700000)
 Metaspace       used 72973K, committed 74304K, reserved 1179648K
  class space    used 7943K, committed 8512K, reserved 1048576K
}
Event: 86.999 GC heap before
{Heap before GC invocations=105 (full 3):
 PSYoungGen      total 31744K, used 31712K [0x00000000eab00000, 0x00000000ed280000, 0x0000000100000000)
  eden space 27136K, 100% used [0x00000000eab00000,0x00000000ec580000,0x00000000ec580000)
  from space 4608K, 99% used [0x00000000ec600000,0x00000000eca780e0,0x00000000eca80000)
  to   space 6656K, 0% used [0x00000000ecc00000,0x00000000ecc00000,0x00000000ed280000)
 ParOldGen       total 449536K, used 449517K [0x00000000c0000000, 0x00000000db700000, 0x00000000eab00000)
  object space 449536K, 99% used [0x00000000c0000000,0x00000000db6fb5a0,0x00000000db700000)
 Metaspace       used 73211K, committed 74624K, reserved 1179648K
  class space    used 7948K, committed 8512K, reserved 1048576K
}
Event: 87.002 GC heap after
{Heap after GC invocations=105 (full 3):
 PSYoungGen      total 30720K, used 1760K [0x00000000eab00000, 0x00000000ece00000, 0x0000000100000000)
  eden space 28672K, 0% used [0x00000000eab00000,0x00000000eab00000,0x00000000ec700000)
  from space 2048K, 85% used [0x00000000ecc00000,0x00000000ecdb8020,0x00000000ece00000)
  to   space 3584K, 0% used [0x00000000ec700000,0x00000000ec700000,0x00000000eca80000)
 ParOldGen       total 450560K, used 450341K [0x00000000c0000000, 0x00000000db800000, 0x00000000eab00000)
  object space 450560K, 99% used [0x00000000c0000000,0x00000000db7c9580,0x00000000db800000)
 Metaspace       used 73211K, committed 74624K, reserved 1179648K
  class space    used 7948K, committed 8512K, reserved 1048576K
}
Event: 88.180 GC heap before
{Heap before GC invocations=106 (full 3):
 PSYoungGen      total 30720K, used 30432K [0x00000000eab00000, 0x00000000ece00000, 0x0000000100000000)
  eden space 28672K, 100% used [0x00000000eab00000,0x00000000ec700000,0x00000000ec700000)
  from space 2048K, 85% used [0x00000000ecc00000,0x00000000ecdb8020,0x00000000ece00000)
  to   space 3584K, 0% used [0x00000000ec700000,0x00000000ec700000,0x00000000eca80000)
 ParOldGen       total 450560K, used 450341K [0x00000000c0000000, 0x00000000db800000, 0x00000000eab00000)
  object space 450560K, 99% used [0x00000000c0000000,0x00000000db7c9580,0x00000000db800000)
 Metaspace       used 73779K, committed 75136K, reserved 1179648K
  class space    used 7980K, committed 8576K, reserved 1048576K
}
Event: 88.184 GC heap after
{Heap after GC invocations=106 (full 3):
 PSYoungGen      total 31232K, used 2965K [0x00000000eab00000, 0x00000000ecd80000, 0x0000000100000000)
  eden space 28160K, 0% used [0x00000000eab00000,0x00000000eab00000,0x00000000ec680000)
  from space 3072K, 96% used [0x00000000ec700000,0x00000000ec9e57c0,0x00000000eca00000)
  to   space 3584K, 0% used [0x00000000eca00000,0x00000000eca00000,0x00000000ecd80000)
 ParOldGen       total 451584K, used 451185K [0x00000000c0000000, 0x00000000db900000, 0x00000000eab00000)
  object space 451584K, 99% used [0x00000000c0000000,0x00000000db89c720,0x00000000db900000)
 Metaspace       used 73779K, committed 75136K, reserved 1179648K
  class space    used 7980K, committed 8576K, reserved 1048576K
}
Event: 89.547 GC heap before
{Heap before GC invocations=107 (full 3):
 PSYoungGen      total 31232K, used 31124K [0x00000000eab00000, 0x00000000ecd80000, 0x0000000100000000)
  eden space 28160K, 99% used [0x00000000eab00000,0x00000000ec67fba8,0x00000000ec680000)
  from space 3072K, 96% used [0x00000000ec700000,0x00000000ec9e57c0,0x00000000eca00000)
  to   space 3584K, 0% used [0x00000000eca00000,0x00000000eca00000,0x00000000ecd80000)
 ParOldGen       total 451584K, used 451185K [0x00000000c0000000, 0x00000000db900000, 0x00000000eab00000)
  object space 451584K, 99% used [0x00000000c0000000,0x00000000db89c720,0x00000000db900000)
 Metaspace       used 74002K, committed 75328K, reserved 1179648K
  class space    used 8006K, committed 8576K, reserved 1048576K
}
Event: 89.556 GC heap after
{Heap after GC invocations=107 (full 3):
 PSYoungGen      total 31744K, used 1072K [0x00000000eab00000, 0x00000000ecc00000, 0x0000000100000000)
  eden space 29696K, 0% used [0x00000000eab00000,0x00000000eab00000,0x00000000ec800000)
  from space 2048K, 52% used [0x00000000eca00000,0x00000000ecb0c050,0x00000000ecc00000)
  to   space 2048K, 0% used [0x00000000ec800000,0x00000000ec800000,0x00000000eca00000)
 ParOldGen       total 453120K, used 453110K [0x00000000c0000000, 0x00000000dba80000, 0x00000000eab00000)
  object space 453120K, 99% used [0x00000000c0000000,0x00000000dba7da70,0x00000000dba80000)
 Metaspace       used 74002K, committed 75328K, reserved 1179648K
  class space    used 8006K, committed 8576K, reserved 1048576K
}

Dll operation events (13 events):
Event: 0.031 Loaded shared library c:\Users\Dell\AppData\Roaming\Code\User\globalStorage\pleiades.java-extension-pack-jdk\java\latest\bin\java.dll
Event: 0.098 Loaded shared library c:\Users\Dell\AppData\Roaming\Code\User\globalStorage\pleiades.java-extension-pack-jdk\java\latest\bin\jsvml.dll
Event: 0.219 Loaded shared library c:\Users\Dell\AppData\Roaming\Code\User\globalStorage\pleiades.java-extension-pack-jdk\java\latest\bin\zip.dll
Event: 0.225 Loaded shared library C:\Users\Dell\AppData\Roaming\Code\User\globalStorage\pleiades.java-extension-pack-jdk\java\latest\bin\instrument.dll
Event: 0.233 Loaded shared library C:\Users\Dell\AppData\Roaming\Code\User\globalStorage\pleiades.java-extension-pack-jdk\java\latest\bin\net.dll
Event: 0.237 Loaded shared library C:\Users\Dell\AppData\Roaming\Code\User\globalStorage\pleiades.java-extension-pack-jdk\java\latest\bin\nio.dll
Event: 0.244 Loaded shared library C:\Users\Dell\AppData\Roaming\Code\User\globalStorage\pleiades.java-extension-pack-jdk\java\latest\bin\zip.dll
Event: 0.273 Loaded shared library C:\Users\Dell\AppData\Roaming\Code\User\globalStorage\pleiades.java-extension-pack-jdk\java\latest\bin\jimage.dll
Event: 0.436 Loaded shared library c:\Users\Dell\AppData\Roaming\Code\User\globalStorage\pleiades.java-extension-pack-jdk\java\latest\bin\verify.dll
Event: 2.937 Loaded shared library C:\Users\Dell\AppData\Roaming\Code\User\globalStorage\redhat.java\1.36.0\config_win\org.eclipse.equinox.launcher\org.eclipse.equinox.launcher.win32.win32.x86_64_1.2.1100.v20240722-2106\eclipse_11904.dll
Event: 5.636 Loaded shared library C:\Users\Dell\AppData\Local\Temp\jna-2126305\jna12611476923283489030.dll
Event: 12.116 Loaded shared library C:\Users\Dell\AppData\Roaming\Code\User\globalStorage\pleiades.java-extension-pack-jdk\java\latest\bin\sunmscapi.dll
Event: 12.215 Loaded shared library C:\Users\Dell\AppData\Roaming\Code\User\globalStorage\pleiades.java-extension-pack-jdk\java\latest\bin\extnet.dll

Deoptimization events (20 events):
Event: 89.978 Thread 0x00000252f99df620 DEOPT PACKING pc=0x00000252a7f633ac sp=0x000000d88aefdba0
Event: 89.978 Thread 0x00000252f99df620 DEOPT UNPACKING pc=0x00000252a73e6c82 sp=0x000000d88aefda70 mode 2
Event: 89.980 Thread 0x00000252f99df620 Uncommon trap: trap_request=0xffffffd6 fr.pc=0x00000252a7f633ac relative=0x0000000000000a8c
Event: 89.980 Thread 0x00000252f99df620 Uncommon trap: reason=array_check action=maybe_recompile pc=0x00000252a7f633ac method=com.google.gson.internal.$Gson$Types$ParameterizedTypeImpl.<init>(Ljava/lang/reflect/Type;Ljava/lang/reflect/Type;[Ljava/lang/reflect/Type;)V @ 136 c2
Event: 89.980 Thread 0x00000252f99df620 DEOPT PACKING pc=0x00000252a7f633ac sp=0x000000d88aefd580
Event: 89.980 Thread 0x00000252f99df620 DEOPT UNPACKING pc=0x00000252a73e6c82 sp=0x000000d88aefd450 mode 2
Event: 89.981 Thread 0x00000252f99df620 Uncommon trap: trap_request=0xffffffd6 fr.pc=0x00000252a7f633ac relative=0x0000000000000a8c
Event: 89.981 Thread 0x00000252f99df620 Uncommon trap: reason=array_check action=maybe_recompile pc=0x00000252a7f633ac method=com.google.gson.internal.$Gson$Types$ParameterizedTypeImpl.<init>(Ljava/lang/reflect/Type;Ljava/lang/reflect/Type;[Ljava/lang/reflect/Type;)V @ 136 c2
Event: 89.981 Thread 0x00000252f99df620 DEOPT PACKING pc=0x00000252a7f633ac sp=0x000000d88aefd580
Event: 89.981 Thread 0x00000252f99df620 DEOPT UNPACKING pc=0x00000252a73e6c82 sp=0x000000d88aefd450 mode 2
Event: 89.981 Thread 0x00000252f99df620 Uncommon trap: trap_request=0xffffffd6 fr.pc=0x00000252a7f633ac relative=0x0000000000000a8c
Event: 89.981 Thread 0x00000252f99df620 Uncommon trap: reason=array_check action=maybe_recompile pc=0x00000252a7f633ac method=com.google.gson.internal.$Gson$Types$ParameterizedTypeImpl.<init>(Ljava/lang/reflect/Type;Ljava/lang/reflect/Type;[Ljava/lang/reflect/Type;)V @ 136 c2
Event: 89.981 Thread 0x00000252f99df620 DEOPT PACKING pc=0x00000252a7f633ac sp=0x000000d88aefcf60
Event: 89.981 Thread 0x00000252f99df620 DEOPT UNPACKING pc=0x00000252a73e6c82 sp=0x000000d88aefce30 mode 2
Event: 90.000 Thread 0x00000252f95594f0 Uncommon trap: trap_request=0xffffff6e fr.pc=0x00000252a7f5dc48 relative=0x0000000000000e68
Event: 90.000 Thread 0x00000252f95594f0 Uncommon trap: reason=loop_limit_check action=maybe_recompile pc=0x00000252a7f5dc48 method=org.eclipse.jdt.internal.compiler.lookup.BinaryTypeBinding.createMethods([Lorg/eclipse/jdt/internal/compiler/env/IBinaryMethod;Lorg/eclipse/jdt/internal/compiler/en
Event: 90.000 Thread 0x00000252f95594f0 DEOPT PACKING pc=0x00000252a7f5dc48 sp=0x000000d888ffd430
Event: 90.000 Thread 0x00000252f95594f0 DEOPT UNPACKING pc=0x00000252a73e6c82 sp=0x000000d888ffd398 mode 2
Event: 90.461 Thread 0x00000252f96ec7f0 DEOPT PACKING pc=0x00000252a11d8ba0 sp=0x000000d8875fe680
Event: 90.461 Thread 0x00000252f96ec7f0 DEOPT UNPACKING pc=0x00000252a73e77c2 sp=0x000000d8875fdb98 mode 0

Classes loaded (20 events):
Event: 32.804 Loading class sun/util/resources/cldr/TimeZoneNames_en_US
Event: 32.804 Loading class sun/util/resources/cldr/TimeZoneNames_en_US done
Event: 85.415 Loading class java/io/CharArrayReader
Event: 85.415 Loading class java/io/CharArrayReader done
Event: 85.416 Loading class java/util/regex/Pattern$Bound
Event: 85.417 Loading class java/util/regex/Pattern$Bound done
Event: 86.022 Loading class java/util/Spliterators$IntArraySpliterator
Event: 86.023 Loading class java/util/Spliterators$IntArraySpliterator done
Event: 86.023 Loading class java/util/stream/IntPipeline$Head
Event: 86.023 Loading class java/util/stream/IntPipeline$Head done
Event: 86.024 Loading class java/util/stream/IntPipeline$1
Event: 86.024 Loading class java/util/stream/IntPipeline$1 done
Event: 86.026 Loading class java/util/stream/IntPipeline$1$1
Event: 86.026 Loading class java/util/stream/Sink$ChainedInt
Event: 86.026 Loading class java/util/stream/Sink$ChainedInt done
Event: 86.026 Loading class java/util/stream/IntPipeline$1$1 done
Event: 86.177 Loading class java/util/concurrent/ConcurrentHashMap$TreeNode
Event: 86.177 Loading class java/util/concurrent/ConcurrentHashMap$TreeNode done
Event: 86.177 Loading class java/util/concurrent/ConcurrentHashMap$TreeBin
Event: 86.178 Loading class java/util/concurrent/ConcurrentHashMap$TreeBin done

Classes unloaded (13 events):
Event: 6.379 Thread 0x000002529759d150 Unloading class 0x00000252b11cd000 'java/lang/invoke/LambdaForm$MH+0x00000252b11cd000'
Event: 6.379 Thread 0x000002529759d150 Unloading class 0x00000252b11ccc00 'java/lang/invoke/LambdaForm$MH+0x00000252b11ccc00'
Event: 6.379 Thread 0x000002529759d150 Unloading class 0x00000252b11cc800 'java/lang/invoke/LambdaForm$MH+0x00000252b11cc800'
Event: 6.379 Thread 0x000002529759d150 Unloading class 0x00000252b11cc400 'java/lang/invoke/LambdaForm$MH+0x00000252b11cc400'
Event: 6.379 Thread 0x000002529759d150 Unloading class 0x00000252b11cc000 'java/lang/invoke/LambdaForm$BMH+0x00000252b11cc000'
Event: 6.379 Thread 0x000002529759d150 Unloading class 0x00000252b11cbc00 'java/lang/invoke/LambdaForm$DMH+0x00000252b11cbc00'
Event: 6.379 Thread 0x000002529759d150 Unloading class 0x00000252b11ca400 'java/lang/invoke/LambdaForm$DMH+0x00000252b11ca400'
Event: 8.220 Thread 0x000002529759d150 Unloading class 0x00000252b12f5000 'java/lang/invoke/LambdaForm$MH+0x00000252b12f5000'
Event: 8.220 Thread 0x000002529759d150 Unloading class 0x00000252b12f4800 'java/lang/invoke/LambdaForm$MH+0x00000252b12f4800'
Event: 8.220 Thread 0x000002529759d150 Unloading class 0x00000252b12f4000 'java/lang/invoke/LambdaForm$MH+0x00000252b12f4000'
Event: 8.220 Thread 0x000002529759d150 Unloading class 0x00000252b12f3800 'java/lang/invoke/LambdaForm$MH+0x00000252b12f3800'
Event: 8.220 Thread 0x000002529759d150 Unloading class 0x00000252b12f3400 'java/lang/invoke/LambdaForm$DMH+0x00000252b12f3400'
Event: 8.220 Thread 0x000002529759d150 Unloading class 0x00000252b12f2800 'java/lang/invoke/LambdaForm$MH+0x00000252b12f2800'

Classes redefined (0 events):
No events

Internal exceptions (20 events):
Event: 23.666 Thread 0x00000252f7c21d30 Implicit null exception at 0x00000252a7c0db22 to 0x00000252a7c10c3c
Event: 32.725 Thread 0x00000252f78e0910 Implicit null exception at 0x00000252a7bb0c11 to 0x00000252a7bb0fc8
Event: 85.750 Thread 0x00000252f99df620 Exception <a 'java/lang/IncompatibleClassChangeError'{0x00000000eabf7ec8}: Found class java.lang.Object, but interface was expected> (0x00000000eabf7ec8) 
thrown [s\src\hotspot\share\interpreter\linkResolver.cpp, line 863]
Event: 85.905 Thread 0x00000252f99df620 Exception <a 'java/lang/ArrayIndexOutOfBoundsException'{0x00000000eaf74fc0}: Index 3044 out of bounds for length 3044> (0x00000000eaf74fc0) 
thrown [s\src\hotspot\share\interpreter\interpreterRuntime.cpp, line 422]
Event: 85.906 Thread 0x00000252f99df620 Exception <a 'java/lang/ArrayIndexOutOfBoundsException'{0x00000000eaf755e0}: Index 3044 out of bounds for length 3044> (0x00000000eaf755e0) 
thrown [s\src\hotspot\share\interpreter\interpreterRuntime.cpp, line 422]
Event: 85.906 Thread 0x00000252f99df620 Exception <a 'java/lang/ArrayIndexOutOfBoundsException'{0x00000000eaf75950}: Index 3045 out of bounds for length 3044> (0x00000000eaf75950) 
thrown [s\src\hotspot\share\interpreter\interpreterRuntime.cpp, line 422]
Event: 85.938 Thread 0x00000252f99df620 Exception <a 'java/lang/NoSuchMethodError'{0x00000000eb0deae8}: 'int java.lang.invoke.DirectMethodHandle$Holder.invokeStatic(java.lang.Object, int, java.lang.Object, java.lang.Object)'> (0x00000000eb0deae8) 
thrown [s\src\hotspot\share\interpreter\linkResolver.cpp, line 796]
Event: 86.116 Thread 0x00000252f99df620 Exception <a 'java/lang/IncompatibleClassChangeError'{0x00000000ebad6460}: Found class java.lang.Object, but interface was expected> (0x00000000ebad6460) 
thrown [s\src\hotspot\share\interpreter\linkResolver.cpp, line 863]
Event: 86.195 Thread 0x00000252f99df620 Exception <a 'java/lang/ArrayIndexOutOfBoundsException'{0x00000000ebec9d40}> (0x00000000ebec9d40) 
thrown [s\src\hotspot\share\runtime\sharedRuntime.cpp, line 627]
Event: 86.195 Thread 0x00000252f99df620 Exception <a 'java/lang/ArrayIndexOutOfBoundsException'{0x00000000ebeca5e0}> (0x00000000ebeca5e0) 
thrown [s\src\hotspot\share\runtime\sharedRuntime.cpp, line 627]
Event: 86.195 Thread 0x00000252f99df620 Exception <a 'java/lang/ArrayIndexOutOfBoundsException'{0x00000000ebeca950}> (0x00000000ebeca950) 
thrown [s\src\hotspot\share\runtime\sharedRuntime.cpp, line 627]
Event: 86.899 Thread 0x00000252f99df620 Exception <a 'java/lang/ArrayIndexOutOfBoundsException'{0x00000000eb82b188}> (0x00000000eb82b188) 
thrown [s\src\hotspot\share\runtime\sharedRuntime.cpp, line 627]
Event: 86.900 Thread 0x00000252f99df620 Exception <a 'java/lang/ArrayIndexOutOfBoundsException'{0x00000000eb82b7a8}> (0x00000000eb82b7a8) 
thrown [s\src\hotspot\share\runtime\sharedRuntime.cpp, line 627]
Event: 86.900 Thread 0x00000252f99df620 Exception <a 'java/lang/ArrayIndexOutOfBoundsException'{0x00000000eb82bb18}> (0x00000000eb82bb18) 
thrown [s\src\hotspot\share\runtime\sharedRuntime.cpp, line 627]
Event: 87.189 Thread 0x00000252f99df620 Exception <a 'java/lang/IncompatibleClassChangeError'{0x00000000eb2be288}: Found class java.lang.Object, but interface was expected> (0x00000000eb2be288) 
thrown [s\src\hotspot\share\interpreter\linkResolver.cpp, line 863]
Event: 87.687 Thread 0x00000252f7c24490 Implicit null exception at 0x00000252a7d4e513 to 0x00000252a7d4e870
Event: 88.695 Thread 0x00000252f99df620 Exception <a 'java/lang/ArrayIndexOutOfBoundsException'{0x00000000eb2054a8}> (0x00000000eb2054a8) 
thrown [s\src\hotspot\share\runtime\sharedRuntime.cpp, line 627]
Event: 88.695 Thread 0x00000252f99df620 Exception <a 'java/lang/ArrayIndexOutOfBoundsException'{0x00000000eb205ac8}> (0x00000000eb205ac8) 
thrown [s\src\hotspot\share\runtime\sharedRuntime.cpp, line 627]
Event: 88.695 Thread 0x00000252f99df620 Exception <a 'java/lang/ArrayIndexOutOfBoundsException'{0x00000000eb205e38}> (0x00000000eb205e38) 
thrown [s\src\hotspot\share\runtime\sharedRuntime.cpp, line 627]
Event: 89.982 Thread 0x00000252f99df620 Exception <a 'java/lang/IncompatibleClassChangeError'{0x00000000eb0b99d8}: Found class java.lang.Object, but interface was expected> (0x00000000eb0b99d8) 
thrown [s\src\hotspot\share\interpreter\linkResolver.cpp, line 863]

VM Operations (20 events):
Event: 88.750 Executing VM operation: HandshakeAllThreads (Deoptimize)
Event: 88.750 Executing VM operation: HandshakeAllThreads (Deoptimize) done
Event: 88.752 Executing VM operation: HandshakeAllThreads (Deoptimize)
Event: 88.752 Executing VM operation: HandshakeAllThreads (Deoptimize) done
Event: 88.759 Executing VM operation: HandshakeAllThreads (Deoptimize)
Event: 88.759 Executing VM operation: HandshakeAllThreads (Deoptimize) done
Event: 88.762 Executing VM operation: HandshakeAllThreads (Deoptimize)
Event: 88.762 Executing VM operation: HandshakeAllThreads (Deoptimize) done
Event: 88.765 Executing VM operation: HandshakeAllThreads (Deoptimize)
Event: 88.765 Executing VM operation: HandshakeAllThreads (Deoptimize) done
Event: 88.767 Executing VM operation: HandshakeAllThreads (Deoptimize)
Event: 88.767 Executing VM operation: HandshakeAllThreads (Deoptimize) done
Event: 88.769 Executing VM operation: HandshakeAllThreads (Deoptimize)
Event: 88.769 Executing VM operation: HandshakeAllThreads (Deoptimize) done
Event: 89.547 Executing VM operation: ParallelGCFailedAllocation (Allocation Failure)
Event: 89.556 Executing VM operation: ParallelGCFailedAllocation (Allocation Failure) done
Event: 89.991 Executing VM operation: HandshakeAllThreads (Deoptimize)
Event: 89.991 Executing VM operation: HandshakeAllThreads (Deoptimize) done
Event: 90.361 Executing VM operation: HandshakeAllThreads (Deoptimize)
Event: 90.361 Executing VM operation: HandshakeAllThreads (Deoptimize) done

Memory protections (0 events):
No events

Nmethod flushes (20 events):
Event: 12.417 Thread 0x000002529759d150 flushing  nmethod 0x00000252a0617208
Event: 12.417 Thread 0x000002529759d150 flushing  nmethod 0x00000252a0617508
Event: 12.417 Thread 0x000002529759d150 flushing  nmethod 0x00000252a0617808
Event: 12.417 Thread 0x000002529759d150 flushing  nmethod 0x00000252a0617c08
Event: 12.417 Thread 0x000002529759d150 flushing  nmethod 0x00000252a0618088
Event: 12.417 Thread 0x000002529759d150 flushing  nmethod 0x00000252a0618808
Event: 12.417 Thread 0x000002529759d150 flushing  nmethod 0x00000252a0618b08
Event: 12.417 Thread 0x000002529759d150 flushing  nmethod 0x00000252a0618e08
Event: 12.417 Thread 0x000002529759d150 flushing  nmethod 0x00000252a061db88
Event: 12.417 Thread 0x000002529759d150 flushing  nmethod 0x00000252a0623e88
Event: 12.417 Thread 0x000002529759d150 flushing  nmethod 0x00000252a0625608
Event: 12.417 Thread 0x000002529759d150 flushing  nmethod 0x00000252a0625908
Event: 12.417 Thread 0x000002529759d150 flushing  nmethod 0x00000252a0626008
Event: 12.417 Thread 0x000002529759d150 flushing  nmethod 0x00000252a0626308
Event: 12.417 Thread 0x000002529759d150 flushing  nmethod 0x00000252a0626708
Event: 12.417 Thread 0x000002529759d150 flushing  nmethod 0x00000252a0627b88
Event: 12.417 Thread 0x000002529759d150 flushing  nmethod 0x00000252a0629908
Event: 12.417 Thread 0x000002529759d150 flushing  nmethod 0x00000252a0629c88
Event: 12.417 Thread 0x000002529759d150 flushing  nmethod 0x00000252a0629f88
Event: 12.417 Thread 0x000002529759d150 flushing  nmethod 0x00000252a0630c08

Events (20 events):
Event: 74.519 Thread 0x00000252f7c230e0 Thread exited: 0x00000252f7c230e0
Event: 74.520 Thread 0x00000252f7c202f0 Thread exited: 0x00000252f7c202f0
Event: 74.520 Thread 0x00000252f7c251b0 Thread exited: 0x00000252f7c251b0
Event: 83.861 Thread 0x00000252f11fb8b0 Thread added: 0x00000252fcb85910
Event: 85.313 Thread 0x00000252fcb85910 Thread exited: 0x00000252fcb85910
Event: 85.370 Thread 0x00000252f11c9110 Thread added: 0x00000252fc7d5f10
Event: 85.725 Thread 0x00000252fc7d5f10 Thread exited: 0x00000252fc7d5f10
Event: 85.843 Thread 0x00000252f11fb8b0 Thread added: 0x00000252fc7d5f10
Event: 87.372 Thread 0x00000252f99df620 Thread added: 0x00000252f7c24490
Event: 87.921 Thread 0x00000252fc7d5f10 Thread exited: 0x00000252fc7d5f10
Event: 87.923 Thread 0x00000252f11fb8b0 Thread added: 0x00000252fc7d5f10
Event: 88.093 Thread 0x00000252fc7d5f10 Thread exited: 0x00000252fc7d5f10
Event: 88.178 Thread 0x00000252f11fb8b0 Thread added: 0x00000252fc7d5170
Event: 88.346 Thread 0x00000252fc7d5170 Thread exited: 0x00000252fc7d5170
Event: 88.659 Thread 0x00000252f11fb8b0 Thread added: 0x00000252fc7d43d0
Event: 88.729 Thread 0x00000252f99e09d0 Thread added: 0x00000252f96ec7f0
Event: 89.514 Thread 0x00000252fc7d43d0 Thread exited: 0x00000252fc7d43d0
Event: 89.522 Thread 0x00000252f11fb8b0 Thread added: 0x00000252fc7d5f10
Event: 89.884 Thread 0x00000252fc7d5f10 Thread exited: 0x00000252fc7d5f10
Event: 89.907 Thread 0x00000252f11fb8b0 Thread added: 0x00000252fc7d5170


Dynamic libraries:
0x00007ff701a50000 - 0x00007ff701a5e000 	c:\Users\Dell\AppData\Roaming\Code\User\globalStorage\pleiades.java-extension-pack-jdk\java\latest\bin\java.exe
0x00007ff9370f0000 - 0x00007ff937307000 	C:\Windows\SYSTEM32\ntdll.dll
0x00007ff935530000 - 0x00007ff9355f4000 	C:\Windows\System32\KERNEL32.DLL
0x00007ff934750000 - 0x00007ff934b09000 	C:\Windows\System32\KERNELBASE.dll
0x00007ff934bb0000 - 0x00007ff934cc1000 	C:\Windows\System32\ucrtbase.dll
0x00007ff903660000 - 0x00007ff903677000 	c:\Users\Dell\AppData\Roaming\Code\User\globalStorage\pleiades.java-extension-pack-jdk\java\latest\bin\jli.dll
0x00007ff9364e0000 - 0x00007ff93668e000 	C:\Windows\System32\USER32.dll
0x00007ff934460000 - 0x00007ff934486000 	C:\Windows\System32\win32u.dll
0x00007ff9362a0000 - 0x00007ff9362c9000 	C:\Windows\System32\GDI32.dll
0x00007ff9344c0000 - 0x00007ff9345db000 	C:\Windows\System32\gdi32full.dll
0x00007ff934b10000 - 0x00007ff934baa000 	C:\Windows\System32\msvcp_win.dll
0x00007ff8f5820000 - 0x00007ff8f583e000 	c:\Users\Dell\AppData\Roaming\Code\User\globalStorage\pleiades.java-extension-pack-jdk\java\latest\bin\VCRUNTIME140.dll
0x00007ff90c670000 - 0x00007ff90c902000 	C:\Windows\WinSxS\amd64_microsoft.windows.common-controls_6595b64144ccf1df_6.0.22621.4391_none_2715d37f73803e96\COMCTL32.dll
0x00007ff9353a0000 - 0x00007ff935447000 	C:\Windows\System32\msvcrt.dll
0x00007ff934f50000 - 0x00007ff934f81000 	C:\Windows\System32\IMM32.DLL
0x00007ff90ee70000 - 0x00007ff90ee7c000 	c:\Users\Dell\AppData\Roaming\Code\User\globalStorage\pleiades.java-extension-pack-jdk\java\latest\bin\vcruntime140_1.dll
0x00007ff8c7320000 - 0x00007ff8c73ad000 	c:\Users\Dell\AppData\Roaming\Code\User\globalStorage\pleiades.java-extension-pack-jdk\java\latest\bin\msvcp140.dll
0x00007ff8845b0000 - 0x00007ff88537d000 	c:\Users\Dell\AppData\Roaming\Code\User\globalStorage\pleiades.java-extension-pack-jdk\java\latest\bin\server\jvm.dll
0x00007ff934e90000 - 0x00007ff934f42000 	C:\Windows\System32\ADVAPI32.dll
0x00007ff935840000 - 0x00007ff9358e7000 	C:\Windows\System32\sechost.dll
0x00007ff934490000 - 0x00007ff9344b8000 	C:\Windows\System32\bcrypt.dll
0x00007ff936f50000 - 0x00007ff937064000 	C:\Windows\System32\RPCRT4.dll
0x00007ff934e10000 - 0x00007ff934e81000 	C:\Windows\System32\WS2_32.dll
0x00007ff9342c0000 - 0x00007ff93430d000 	C:\Windows\SYSTEM32\POWRPROF.dll
0x00007ff92be30000 - 0x00007ff92be3a000 	C:\Windows\SYSTEM32\VERSION.dll
0x00007ff931c90000 - 0x00007ff931cc4000 	C:\Windows\SYSTEM32\WINMM.dll
0x00007ff9342a0000 - 0x00007ff9342b3000 	C:\Windows\SYSTEM32\UMPDC.dll
0x00007ff933430000 - 0x00007ff933448000 	C:\Windows\SYSTEM32\kernel.appcore.dll
0x00007ff90eb70000 - 0x00007ff90eb7a000 	c:\Users\Dell\AppData\Roaming\Code\User\globalStorage\pleiades.java-extension-pack-jdk\java\latest\bin\jimage.dll
0x00007ff9319d0000 - 0x00007ff931c02000 	C:\Windows\SYSTEM32\DBGHELP.DLL
0x00007ff936690000 - 0x00007ff936a1f000 	C:\Windows\System32\combase.dll
0x00007ff935450000 - 0x00007ff935527000 	C:\Windows\System32\OLEAUT32.dll
0x00007ff931c50000 - 0x00007ff931c82000 	C:\Windows\SYSTEM32\dbgcore.DLL
0x00007ff934d90000 - 0x00007ff934e0b000 	C:\Windows\System32\bcryptPrimitives.dll
0x00007ff929cb0000 - 0x00007ff929cbf000 	c:\Users\Dell\AppData\Roaming\Code\User\globalStorage\pleiades.java-extension-pack-jdk\java\latest\bin\instrument.dll
0x00007ff8ee960000 - 0x00007ff8ee97e000 	c:\Users\Dell\AppData\Roaming\Code\User\globalStorage\pleiades.java-extension-pack-jdk\java\latest\bin\java.dll
0x00007ff936330000 - 0x00007ff9364d5000 	C:\Windows\System32\ole32.dll
0x00007ff935a10000 - 0x00007ff936286000 	C:\Windows\System32\SHELL32.dll
0x00007ff9322e0000 - 0x00007ff932be3000 	C:\Windows\SYSTEM32\windows.storage.dll
0x00007ff9321a0000 - 0x00007ff9322df000 	C:\Windows\SYSTEM32\wintypes.dll
0x00007ff934f90000 - 0x00007ff935089000 	C:\Windows\System32\SHCORE.dll
0x00007ff9359b0000 - 0x00007ff935a0e000 	C:\Windows\System32\shlwapi.dll
0x00007ff934320000 - 0x00007ff93434b000 	C:\Windows\SYSTEM32\profapi.dll
0x00007ff8c6dc0000 - 0x00007ff8c6e97000 	c:\Users\Dell\AppData\Roaming\Code\User\globalStorage\pleiades.java-extension-pack-jdk\java\latest\bin\jsvml.dll
0x00007ff8ee060000 - 0x00007ff8ee077000 	c:\Users\Dell\AppData\Roaming\Code\User\globalStorage\pleiades.java-extension-pack-jdk\java\latest\bin\zip.dll
0x00007ff90eb30000 - 0x00007ff90eb40000 	C:\Users\Dell\AppData\Roaming\Code\User\globalStorage\pleiades.java-extension-pack-jdk\java\latest\bin\net.dll
0x00007ff9338b0000 - 0x00007ff933919000 	C:\Windows\system32\mswsock.dll
0x00007ff8ee8b0000 - 0x00007ff8ee8c6000 	C:\Users\Dell\AppData\Roaming\Code\User\globalStorage\pleiades.java-extension-pack-jdk\java\latest\bin\nio.dll
0x00007ff90c5e0000 - 0x00007ff90c5f0000 	c:\Users\Dell\AppData\Roaming\Code\User\globalStorage\pleiades.java-extension-pack-jdk\java\latest\bin\verify.dll
0x00007ff8ca670000 - 0x00007ff8ca6b5000 	C:\Users\Dell\AppData\Roaming\Code\User\globalStorage\redhat.java\1.36.0\config_win\org.eclipse.equinox.launcher\org.eclipse.equinox.launcher.win32.win32.x86_64_1.2.1100.v20240722-2106\eclipse_11904.dll
0x00007ff933b10000 - 0x00007ff933b2b000 	C:\Windows\SYSTEM32\CRYPTSP.dll
0x00007ff933390000 - 0x00007ff9333c5000 	C:\Windows\system32\rsaenh.dll
0x00007ff9339a0000 - 0x00007ff9339c8000 	C:\Windows\SYSTEM32\USERENV.dll
0x00007ff933b00000 - 0x00007ff933b0c000 	C:\Windows\SYSTEM32\CRYPTBASE.dll
0x00007ff932ea0000 - 0x00007ff932ecd000 	C:\Windows\SYSTEM32\IPHLPAPI.DLL
0x00007ff9358f0000 - 0x00007ff9358f9000 	C:\Windows\System32\NSI.dll
0x00007ff8ba6e0000 - 0x00007ff8ba729000 	C:\Users\Dell\AppData\Local\Temp\jna-2126305\jna12611476923283489030.dll
0x00007ff937070000 - 0x00007ff937078000 	C:\Windows\System32\PSAPI.DLL
0x00007ff92f780000 - 0x00007ff92f8b6000 	C:\Windows\SYSTEM32\winhttp.dll
0x00007ff92f8e0000 - 0x00007ff92f8f9000 	C:\Windows\SYSTEM32\dhcpcsvc6.DLL
0x00007ff92f5d0000 - 0x00007ff92f5ef000 	C:\Windows\SYSTEM32\dhcpcsvc.DLL
0x00007ff903650000 - 0x00007ff90365e000 	C:\Users\Dell\AppData\Roaming\Code\User\globalStorage\pleiades.java-extension-pack-jdk\java\latest\bin\sunmscapi.dll
0x00007ff9345e0000 - 0x00007ff934746000 	C:\Windows\System32\CRYPT32.dll
0x00007ff933ca0000 - 0x00007ff933ccd000 	C:\Windows\SYSTEM32\ncrypt.dll
0x00007ff933c60000 - 0x00007ff933c97000 	C:\Windows\SYSTEM32\NTASN1.dll
0x00007ff932ed0000 - 0x00007ff932fd2000 	C:\Windows\SYSTEM32\DNSAPI.dll
0x00007ff92b990000 - 0x00007ff92b99a000 	C:\Windows\System32\rasadhlp.dll
0x00007ff92c1b0000 - 0x00007ff92c233000 	C:\Windows\System32\fwpuclnt.dll
0x00007ff9037a0000 - 0x00007ff9037a9000 	C:\Users\Dell\AppData\Roaming\Code\User\globalStorage\pleiades.java-extension-pack-jdk\java\latest\bin\extnet.dll

dbghelp: loaded successfully - version: 4.0.5 - missing functions: none
symbol engine: initialized successfully - sym options: 0x614 - pdb path: .;c:\Users\Dell\AppData\Roaming\Code\User\globalStorage\pleiades.java-extension-pack-jdk\java\latest\bin;C:\Windows\SYSTEM32;C:\Windows\WinSxS\amd64_microsoft.windows.common-controls_6595b64144ccf1df_6.0.22621.4391_none_2715d37f73803e96;c:\Users\Dell\AppData\Roaming\Code\User\globalStorage\pleiades.java-extension-pack-jdk\java\latest\bin\server;C:\Users\Dell\AppData\Roaming\Code\User\globalStorage\redhat.java\1.36.0\config_win\org.eclipse.equinox.launcher\org.eclipse.equinox.launcher.win32.win32.x86_64_1.2.1100.v20240722-2106;C:\Users\Dell\AppData\Local\Temp\jna-2126305

VM Arguments:
jvm_args: --add-modules=ALL-SYSTEM --add-opens=java.base/java.util=ALL-UNNAMED --add-opens=java.base/java.lang=ALL-UNNAMED --add-opens=java.base/sun.nio.fs=ALL-UNNAMED -Declipse.application=org.eclipse.jdt.ls.core.id1 -Dosgi.bundles.defaultStartLevel=4 -Declipse.product=org.eclipse.jdt.ls.core.product -Djava.import.generatesMetadataFilesAtProjectRoot=false -DDetectVMInstallationsJob.disabled=true -Dfile.encoding=utf8 -XX:+UseParallelGC -XX:GCTimeRatio=4 -XX:AdaptiveSizePolicyWeight=90 -Dsun.zip.disableMemoryMapping=true -Xmx1G -Xms100m -Xlog:disable -javaagent:c:\Users\Dell\.vscode\extensions\redhat.java-1.36.0-win32-x64\lombok\lombok-1.18.35.jar -XX:+HeapDumpOnOutOfMemoryError -XX:HeapDumpPath=c:\Users\Dell\AppData\Roaming\Code\User\workspaceStorage\83df617a9ebd0541ad07338afc853aa2\redhat.java -Daether.dependencyCollector.impl=bf 
java_command: c:\Users\Dell\.vscode\extensions\redhat.java-1.36.0-win32-x64\server\plugins\org.eclipse.equinox.launcher_1.6.900.v20240613-2009.jar -configuration c:\Users\Dell\AppData\Roaming\Code\User\globalStorage\redhat.java\1.36.0\config_win -data c:\Users\Dell\AppData\Roaming\Code\User\workspaceStorage\83df617a9ebd0541ad07338afc853aa2\redhat.java\jdt_ws --pipe=\\.\pipe\lsp-53c06397f1d34a64c40d9c51bd28f228-sock
java_class_path (initial): c:\Users\Dell\.vscode\extensions\redhat.java-1.36.0-win32-x64\server\plugins\org.eclipse.equinox.launcher_1.6.900.v20240613-2009.jar
Launcher Type: SUN_STANDARD

[Global flags]
     uint AdaptiveSizePolicyWeight                 = 90                                        {product} {command line}
     intx CICompilerCount                          = 4                                         {product} {ergonomic}
     uint GCTimeRatio                              = 4                                         {product} {command line}
     bool HeapDumpOnOutOfMemoryError               = true                                   {manageable} {command line}
    ccstr HeapDumpPath                             = c:\Users\Dell\AppData\Roaming\Code\User\workspaceStorage\83df617a9ebd0541ad07338afc853aa2\redhat.java         {manageable} {command line}
   size_t InitialHeapSize                          = 104857600                                 {product} {command line}
   size_t MaxHeapSize                              = 1073741824                                {product} {command line}
   size_t MaxNewSize                               = 357564416                                 {product} {ergonomic}
   size_t MinHeapDeltaBytes                        = 524288                                    {product} {ergonomic}
   size_t MinHeapSize                              = 104857600                                 {product} {command line}
   size_t NewSize                                  = 34603008                                  {product} {ergonomic}
    uintx NonNMethodCodeHeapSize                   = 5832704                                {pd product} {ergonomic}
    uintx NonProfiledCodeHeapSize                  = 122945536                              {pd product} {ergonomic}
   size_t OldSize                                  = 70254592                                  {product} {ergonomic}
    uintx ProfiledCodeHeapSize                     = 122880000                              {pd product} {ergonomic}
    uintx ReservedCodeCacheSize                    = 251658240                              {pd product} {ergonomic}
     bool SegmentedCodeCache                       = true                                      {product} {ergonomic}
   size_t SoftMaxHeapSize                          = 1073741824                             {manageable} {ergonomic}
     bool UseCompressedOops                        = true                           {product lp64_product} {ergonomic}
     bool UseLargePagesIndividualAllocation        = false                                  {pd product} {ergonomic}
     bool UseParallelGC                            = true                                      {product} {command line}

Logging:
Log output configuration:
 #0: stdout all=off uptime,level,tags foldmultilines=false
 #1: stderr all=off uptime,level,tags foldmultilines=false

Environment Variables:
JAVA_HOME=C:\Program Files\Java\jdk-21
PATH=C:\Program Files\Common Files\Oracle\Java\javapath;C:\Windows\system32;C:\Windows;C:\Windows\System32\Wbem;C:\Windows\System32\WindowsPowerShell\v1.0\;C:\Windows\System32\OpenSSH\;C:\Program Files\dotnet\;C:\Program Files\nodejs\;C:\Program Files\Microsoft SQL Server\150\Tools\Binn\;C:\Program Files\Microsoft SQL Server\Client SDK\ODBC\170\Tools\Binn\;C:\Program Files (x86)\Microsoft SQL Server\160\DTS\Binn\;C:\Program Files\Microsoft SQL Server\Client SDK\ODBC\130\Tools\Binn\;C:\Program Files (x86)\Microsoft SQL Server\140\Tools\Binn\;C:\Program Files\Microsoft SQL Server\140\Tools\Binn\;C:\Program Files\Microsoft SQL Server\140\DTS\Binn\;C:\Program Files\Git\cmd;C:\Program Files\apache-tomcat-11.0.0\bin;C:\Program Files\MySQL\MySQL Shell 8.0\bin\;C:\Users\Dell\AppData\Local\Microsoft\WindowsApps;C:\Users\Dell\.dotnet\tools;C:\Users\Dell\AppData\Roaming\npm;C:\Users\Dell\AppData\Local\Programs\Microsoft VS Code\bin;C:\Program Files\Azure Data Studio\bin;C:\Program Files\Common Files\Oracle\Java\javapath;C:\Program Files\Java\jdk-21\bin;C:\Program Files\JetBrains\IntelliJ IDEA 2024.2.4\bin;;C:\Program Files\Java\jdk-21;
USERNAME=Dell
OS=Windows_NT
PROCESSOR_IDENTIFIER=Intel64 Family 6 Model 140 Stepping 1, GenuineIntel
TMP=C:\Users\Dell\AppData\Local\Temp
TEMP=C:\Users\Dell\AppData\Local\Temp




Periodic native trim disabled

---------------  S Y S T E M  ---------------

OS:
 Windows 11 , 64 bit Build 22621 (10.0.22621.4391)
OS uptime: 0 days 1:19 hours
Hyper-V role detected

CPU: total 8 (initial active 8) (4 cores per cpu, 2 threads per core) family 6 model 140 stepping 1 microcode 0xb8, cx8, cmov, fxsr, ht, mmx, 3dnowpref, sse, sse2, sse3, ssse3, sse4.1, sse4.2, popcnt, lzcnt, tsc, tscinvbit, avx, avx2, aes, erms, clmul, bmi1, bmi2, adx, avx512f, avx512dq, avx512cd, avx512bw, avx512vl, sha, fma, vzeroupper, avx512_vpopcntdq, avx512_vpclmulqdq, avx512_vaes, avx512_vnni, clflush, clflushopt, clwb, avx512_vbmi2, avx512_vbmi, hv, rdtscp, rdpid, fsrm, gfni, avx512_bitalg, f16c, cet_ibt, cet_ss, avx512_ifma
Processor Information for the first 8 processors :
  Max Mhz: 2419, Current Mhz: 2419, Mhz Limit: 2419

Memory: 4k page, system-wide physical 7930M (363M free)
TotalPageFile size 16253M (AvailPageFile size 1M)
current process WorkingSet (physical memory assigned to process): 479M, peak: 611M
current process commit charge ("private bytes"): 757M, peak: 761M

vm_info: OpenJDK 64-Bit Server VM (23.0.1+11) for windows-amd64 JRE (23.0.1+11), built on 2024-10-15T00:00:00Z with MS VC++ 17.7 (VS2022)

END.
